<?xml version="1.0" encoding="UTF-8"?>
<!-- Generated by org.testng.reporters.JUnitReportReporter -->
<testsuite skipped="0" hostname="DERIW42SLPC1327" name="basicAnnotations.Module2" tests="2" failures="0" timestamp="03 Mar 2019 07:12:39 GMT" time="0.007" errors="0">
  <testcase name="test2" time="0.004" classname="basicAnnotations.Module2"/>
  <testcase name="test1" time="0.003" classname="basicAnnotations.Module2"/>
</testsuite> <!-- basicAnnotations.Module2 -->
